<?xml version="1.0" encoding="UTF-8"?>
<testsuite xmlns:xsi="http://www.w3.org/2001/XMLSchema-instance" xsi:noNamespaceSchemaLocation="https://maven.apache.org/surefire/maven-surefire-plugin/xsd/surefire-test-report-3.0.xsd" version="3.0" name="com.itheima.LogTest" time="0.075" tests="1" errors="0" skipped="0" failures="0">
  <properties>
    <property name="java.specification.version" value="17"/>
    <property name="sun.cpu.isalist" value="amd64"/>
    <property name="sun.jnu.encoding" value="GBK"/>
    <property name="java.class.path" value="D:\agit\itheimaPratice\tlias-web-mannager\target\test-classes;D:\agit\itheimaPratice\tlias-web-mannager\target\classes;D:\maven\MavenRepositories\org\springframework\boot\spring-boot-starter-web\3.1.12\spring-boot-starter-web-3.1.12.jar;D:\maven\MavenRepositories\org\springframework\boot\spring-boot-starter\3.1.12\spring-boot-starter-3.1.12.jar;D:\maven\MavenRepositories\org\springframework\boot\spring-boot\3.1.12\spring-boot-3.1.12.jar;D:\maven\MavenRepositories\org\springframework\boot\spring-boot-starter-logging\3.1.12\spring-boot-starter-logging-3.1.12.jar;D:\maven\MavenRepositories\ch\qos\logback\logback-classic\1.4.14\logback-classic-1.4.14.jar;D:\maven\MavenRepositories\ch\qos\logback\logback-core\1.4.14\logback-core-1.4.14.jar;D:\maven\MavenRepositories\org\apache\logging\log4j\log4j-to-slf4j\2.20.0\log4j-to-slf4j-2.20.0.jar;D:\maven\MavenRepositories\org\apache\logging\log4j\log4j-api\2.20.0\log4j-api-2.20.0.jar;D:\maven\MavenRepositories\org\slf4j\jul-to-slf4j\2.0.13\jul-to-slf4j-2.0.13.jar;D:\maven\MavenRepositories\jakarta\annotation\jakarta.annotation-api\2.1.1\jakarta.annotation-api-2.1.1.jar;D:\maven\MavenRepositories\org\yaml\snakeyaml\1.33\snakeyaml-1.33.jar;D:\maven\MavenRepositories\org\springframework\boot\spring-boot-starter-json\3.1.12\spring-boot-starter-json-3.1.12.jar;D:\maven\MavenRepositories\com\fasterxml\jackson\core\jackson-databind\2.15.4\jackson-databind-2.15.4.jar;D:\maven\MavenRepositories\com\fasterxml\jackson\core\jackson-annotations\2.15.4\jackson-annotations-2.15.4.jar;D:\maven\MavenRepositories\com\fasterxml\jackson\core\jackson-core\2.15.4\jackson-core-2.15.4.jar;D:\maven\MavenRepositories\com\fasterxml\jackson\datatype\jackson-datatype-jdk8\2.15.4\jackson-datatype-jdk8-2.15.4.jar;D:\maven\MavenRepositories\com\fasterxml\jackson\datatype\jackson-datatype-jsr310\2.15.4\jackson-datatype-jsr310-2.15.4.jar;D:\maven\MavenRepositories\com\fasterxml\jackson\module\jackson-module-parameter-names\2.15.4\jackson-module-parameter-names-2.15.4.jar;D:\maven\MavenRepositories\org\springframework\boot\spring-boot-starter-tomcat\3.1.12\spring-boot-starter-tomcat-3.1.12.jar;D:\maven\MavenRepositories\org\apache\tomcat\embed\tomcat-embed-core\10.1.24\tomcat-embed-core-10.1.24.jar;D:\maven\MavenRepositories\org\apache\tomcat\embed\tomcat-embed-el\10.1.24\tomcat-embed-el-10.1.24.jar;D:\maven\MavenRepositories\org\apache\tomcat\embed\tomcat-embed-websocket\10.1.24\tomcat-embed-websocket-10.1.24.jar;D:\maven\MavenRepositories\org\springframework\spring-web\6.0.21\spring-web-6.0.21.jar;D:\maven\MavenRepositories\org\springframework\spring-beans\6.0.21\spring-beans-6.0.21.jar;D:\maven\MavenRepositories\io\micrometer\micrometer-observation\1.11.12\micrometer-observation-1.11.12.jar;D:\maven\MavenRepositories\io\micrometer\micrometer-commons\1.11.12\micrometer-commons-1.11.12.jar;D:\maven\MavenRepositories\org\springframework\spring-webmvc\6.0.21\spring-webmvc-6.0.21.jar;D:\maven\MavenRepositories\org\springframework\spring-aop\6.0.21\spring-aop-6.0.21.jar;D:\maven\MavenRepositories\org\springframework\spring-context\6.0.21\spring-context-6.0.21.jar;D:\maven\MavenRepositories\org\springframework\spring-expression\6.0.21\spring-expression-6.0.21.jar;D:\maven\MavenRepositories\org\mybatis\spring\boot\mybatis-spring-boot-starter\3.0.3\mybatis-spring-boot-starter-3.0.3.jar;D:\maven\MavenRepositories\org\springframework\boot\spring-boot-starter-jdbc\3.1.12\spring-boot-starter-jdbc-3.1.12.jar;D:\maven\MavenRepositories\com\zaxxer\HikariCP\5.0.1\HikariCP-5.0.1.jar;D:\maven\MavenRepositories\org\springframework\spring-jdbc\6.0.21\spring-jdbc-6.0.21.jar;D:\maven\MavenRepositories\org\mybatis\spring\boot\mybatis-spring-boot-autoconfigure\3.0.3\mybatis-spring-boot-autoconfigure-3.0.3.jar;D:\maven\MavenRepositories\org\mybatis\mybatis\3.5.14\mybatis-3.5.14.jar;D:\maven\MavenRepositories\org\mybatis\mybatis-spring\3.0.3\mybatis-spring-3.0.3.jar;D:\maven\MavenRepositories\org\projectlombok\lombok\1.18.32\lombok-1.18.32.jar;D:\maven\MavenRepositories\org\springframework\boot\spring-boot-starter-test\3.1.12\spring-boot-starter-test-3.1.12.jar;D:\maven\MavenRepositories\org\springframework\boot\spring-boot-test\3.1.12\spring-boot-test-3.1.12.jar;D:\maven\MavenRepositories\org\springframework\boot\spring-boot-test-autoconfigure\3.1.12\spring-boot-test-autoconfigure-3.1.12.jar;D:\maven\MavenRepositories\com\jayway\jsonpath\json-path\2.9.0\json-path-2.9.0.jar;D:\maven\MavenRepositories\jakarta\xml\bind\jakarta.xml.bind-api\4.0.2\jakarta.xml.bind-api-4.0.2.jar;D:\maven\MavenRepositories\jakarta\activation\jakarta.activation-api\2.1.3\jakarta.activation-api-2.1.3.jar;D:\maven\MavenRepositories\net\minidev\json-smart\2.4.11\json-smart-2.4.11.jar;D:\maven\MavenRepositories\net\minidev\accessors-smart\2.4.11\accessors-smart-2.4.11.jar;D:\maven\MavenRepositories\org\ow2\asm\asm\9.3\asm-9.3.jar;D:\maven\MavenRepositories\org\assertj\assertj-core\3.24.2\assertj-core-3.24.2.jar;D:\maven\MavenRepositories\net\bytebuddy\byte-buddy\1.14.16\byte-buddy-1.14.16.jar;D:\maven\MavenRepositories\org\hamcrest\hamcrest\2.2\hamcrest-2.2.jar;D:\maven\MavenRepositories\org\junit\jupiter\junit-jupiter\5.9.3\junit-jupiter-5.9.3.jar;D:\maven\MavenRepositories\org\junit\jupiter\junit-jupiter-api\5.9.3\junit-jupiter-api-5.9.3.jar;D:\maven\MavenRepositories\org\opentest4j\opentest4j\1.2.0\opentest4j-1.2.0.jar;D:\maven\MavenRepositories\org\junit\platform\junit-platform-commons\1.9.3\junit-platform-commons-1.9.3.jar;D:\maven\MavenRepositories\org\apiguardian\apiguardian-api\1.1.2\apiguardian-api-1.1.2.jar;D:\maven\MavenRepositories\org\junit\jupiter\junit-jupiter-params\5.9.3\junit-jupiter-params-5.9.3.jar;D:\maven\MavenRepositories\org\junit\jupiter\junit-jupiter-engine\5.9.3\junit-jupiter-engine-5.9.3.jar;D:\maven\MavenRepositories\org\junit\platform\junit-platform-engine\1.9.3\junit-platform-engine-1.9.3.jar;D:\maven\MavenRepositories\org\mockito\mockito-core\5.3.1\mockito-core-5.3.1.jar;D:\maven\MavenRepositories\net\bytebuddy\byte-buddy-agent\1.14.16\byte-buddy-agent-1.14.16.jar;D:\maven\MavenRepositories\org\objenesis\objenesis\3.3\objenesis-3.3.jar;D:\maven\MavenRepositories\org\mockito\mockito-junit-jupiter\5.3.1\mockito-junit-jupiter-5.3.1.jar;D:\maven\MavenRepositories\org\skyscreamer\jsonassert\1.5.1\jsonassert-1.5.1.jar;D:\maven\MavenRepositories\com\vaadin\external\google\android-json\0.0.20131108.vaadin1\android-json-0.0.20131108.vaadin1.jar;D:\maven\MavenRepositories\org\springframework\spring-core\6.0.21\spring-core-6.0.21.jar;D:\maven\MavenRepositories\org\springframework\spring-jcl\6.0.21\spring-jcl-6.0.21.jar;D:\maven\MavenRepositories\org\springframework\spring-test\6.0.21\spring-test-6.0.21.jar;D:\maven\MavenRepositories\org\xmlunit\xmlunit-core\2.9.1\xmlunit-core-2.9.1.jar;D:\maven\MavenRepositories\commons-io\commons-io\1.3.2\commons-io-1.3.2.jar;D:\maven\MavenRepositories\org\mybatis\spring\boot\mybatis-spring-boot-starter-test\3.0.3\mybatis-spring-boot-starter-test-3.0.3.jar;D:\maven\MavenRepositories\org\mybatis\spring\boot\mybatis-spring-boot-test-autoconfigure\3.0.3\mybatis-spring-boot-test-autoconfigure-3.0.3.jar;D:\maven\MavenRepositories\org\springframework\spring-tx\6.0.21\spring-tx-6.0.21.jar;D:\maven\MavenRepositories\com\alibaba\druid-spring-boot-starter\1.2.19\druid-spring-boot-starter-1.2.19.jar;D:\maven\MavenRepositories\com\alibaba\druid\1.2.19\druid-1.2.19.jar;D:\maven\MavenRepositories\org\slf4j\slf4j-api\2.0.13\slf4j-api-2.0.13.jar;D:\maven\MavenRepositories\org\springframework\boot\spring-boot-autoconfigure\3.1.12\spring-boot-autoconfigure-3.1.12.jar;D:\maven\MavenRepositories\com\mysql\mysql-connector-j\8.0.33\mysql-connector-j-8.0.33.jar;D:\maven\MavenRepositories\com\github\pagehelper\pagehelper-spring-boot-starter\1.4.7\pagehelper-spring-boot-starter-1.4.7.jar;D:\maven\MavenRepositories\com\github\pagehelper\pagehelper-spring-boot-autoconfigure\1.4.7\pagehelper-spring-boot-autoconfigure-1.4.7.jar;D:\maven\MavenRepositories\com\github\pagehelper\pagehelper\5.3.3\pagehelper-5.3.3.jar;D:\maven\MavenRepositories\com\github\jsqlparser\jsqlparser\4.5\jsqlparser-4.5.jar;D:\maven\MavenRepositories\com\aliyun\oss\aliyun-sdk-oss\3.15.1\aliyun-sdk-oss-3.15.1.jar;D:\maven\MavenRepositories\org\apache\httpcomponents\httpclient\4.4.1\httpclient-4.4.1.jar;D:\maven\MavenRepositories\org\apache\httpcomponents\httpcore\4.4.16\httpcore-4.4.16.jar;D:\maven\MavenRepositories\commons-logging\commons-logging\1.2\commons-logging-1.2.jar;D:\maven\MavenRepositories\commons-codec\commons-codec\1.15\commons-codec-1.15.jar;D:\maven\MavenRepositories\org\jdom\jdom2\2.0.6.1\jdom2-2.0.6.1.jar;D:\maven\MavenRepositories\org\codehaus\jettison\jettison\1.1\jettison-1.1.jar;D:\maven\MavenRepositories\stax\stax-api\1.0.1\stax-api-1.0.1.jar;D:\maven\MavenRepositories\com\aliyun\aliyun-java-sdk-core\4.5.10\aliyun-java-sdk-core-4.5.10.jar;D:\maven\MavenRepositories\com\google\code\gson\gson\2.10.1\gson-2.10.1.jar;D:\maven\MavenRepositories\org\jacoco\org.jacoco.agent\0.8.5\org.jacoco.agent-0.8.5-runtime.jar;D:\maven\MavenRepositories\org\ini4j\ini4j\0.5.4\ini4j-0.5.4.jar;D:\maven\MavenRepositories\io\opentracing\opentracing-api\0.33.0\opentracing-api-0.33.0.jar;D:\maven\MavenRepositories\io\opentracing\opentracing-util\0.33.0\opentracing-util-0.33.0.jar;D:\maven\MavenRepositories\io\opentracing\opentracing-noop\0.33.0\opentracing-noop-0.33.0.jar;D:\maven\MavenRepositories\com\aliyun\aliyun-java-sdk-ram\3.1.0\aliyun-java-sdk-ram-3.1.0.jar;D:\maven\MavenRepositories\com\aliyun\aliyun-java-sdk-kms\2.11.0\aliyun-java-sdk-kms-2.11.0.jar;D:\maven\MavenRepositories\javax\xml\bind\jaxb-api\2.3.1\jaxb-api-2.3.1.jar;D:\maven\MavenRepositories\javax\activation\javax.activation-api\1.2.0\javax.activation-api-1.2.0.jar;D:\maven\MavenRepositories\javax\activation\activation\1.1.1\activation-1.1.1.jar;D:\maven\MavenRepositories\org\glassfish\jaxb\jaxb-runtime\2.3.3\jaxb-runtime-2.3.3.jar;D:\maven\MavenRepositories\org\glassfish\jaxb\txw2\4.0.5\txw2-4.0.5.jar;D:\maven\MavenRepositories\com\sun\istack\istack-commons-runtime\4.1.2\istack-commons-runtime-4.1.2.jar;D:\maven\MavenRepositories\com\sun\activation\jakarta.activation\1.2.2\jakarta.activation-1.2.2.jar;"/>
    <property name="java.vm.vendor" value="Oracle Corporation"/>
    <property name="sun.arch.data.model" value="64"/>
    <property name="user.variant" value=""/>
    <property name="java.vendor.url" value="https://java.oracle.com/"/>
    <property name="user.timezone" value="Asia/Shanghai"/>
    <property name="os.name" value="Windows 10"/>
    <property name="java.vm.specification.version" value="17"/>
    <property name="sun.java.launcher" value="SUN_STANDARD"/>
    <property name="user.country" value="CN"/>
    <property name="sun.boot.library.path" value="C:\Program Files\Java\jdk-17\bin"/>
    <property name="sun.java.command" value="C:\Users\uSER\AppData\Local\Temp\surefire2017012355739910497\surefirebooter-20240602225644356_3.jar C:\Users\uSER\AppData\Local\Temp\surefire2017012355739910497 2024-06-02T22-56-38_228-jvmRun1 surefire-20240602225644356_1tmp surefire_0-20240602225644356_2tmp"/>
    <property name="jdk.debug" value="release"/>
    <property name="surefire.test.class.path" value="D:\agit\itheimaPratice\tlias-web-mannager\target\test-classes;D:\agit\itheimaPratice\tlias-web-mannager\target\classes;D:\maven\MavenRepositories\org\springframework\boot\spring-boot-starter-web\3.1.12\spring-boot-starter-web-3.1.12.jar;D:\maven\MavenRepositories\org\springframework\boot\spring-boot-starter\3.1.12\spring-boot-starter-3.1.12.jar;D:\maven\MavenRepositories\org\springframework\boot\spring-boot\3.1.12\spring-boot-3.1.12.jar;D:\maven\MavenRepositories\org\springframework\boot\spring-boot-starter-logging\3.1.12\spring-boot-starter-logging-3.1.12.jar;D:\maven\MavenRepositories\ch\qos\logback\logback-classic\1.4.14\logback-classic-1.4.14.jar;D:\maven\MavenRepositories\ch\qos\logback\logback-core\1.4.14\logback-core-1.4.14.jar;D:\maven\MavenRepositories\org\apache\logging\log4j\log4j-to-slf4j\2.20.0\log4j-to-slf4j-2.20.0.jar;D:\maven\MavenRepositories\org\apache\logging\log4j\log4j-api\2.20.0\log4j-api-2.20.0.jar;D:\maven\MavenRepositories\org\slf4j\jul-to-slf4j\2.0.13\jul-to-slf4j-2.0.13.jar;D:\maven\MavenRepositories\jakarta\annotation\jakarta.annotation-api\2.1.1\jakarta.annotation-api-2.1.1.jar;D:\maven\MavenRepositories\org\yaml\snakeyaml\1.33\snakeyaml-1.33.jar;D:\maven\MavenRepositories\org\springframework\boot\spring-boot-starter-json\3.1.12\spring-boot-starter-json-3.1.12.jar;D:\maven\MavenRepositories\com\fasterxml\jackson\core\jackson-databind\2.15.4\jackson-databind-2.15.4.jar;D:\maven\MavenRepositories\com\fasterxml\jackson\core\jackson-annotations\2.15.4\jackson-annotations-2.15.4.jar;D:\maven\MavenRepositories\com\fasterxml\jackson\core\jackson-core\2.15.4\jackson-core-2.15.4.jar;D:\maven\MavenRepositories\com\fasterxml\jackson\datatype\jackson-datatype-jdk8\2.15.4\jackson-datatype-jdk8-2.15.4.jar;D:\maven\MavenRepositories\com\fasterxml\jackson\datatype\jackson-datatype-jsr310\2.15.4\jackson-datatype-jsr310-2.15.4.jar;D:\maven\MavenRepositories\com\fasterxml\jackson\module\jackson-module-parameter-names\2.15.4\jackson-module-parameter-names-2.15.4.jar;D:\maven\MavenRepositories\org\springframework\boot\spring-boot-starter-tomcat\3.1.12\spring-boot-starter-tomcat-3.1.12.jar;D:\maven\MavenRepositories\org\apache\tomcat\embed\tomcat-embed-core\10.1.24\tomcat-embed-core-10.1.24.jar;D:\maven\MavenRepositories\org\apache\tomcat\embed\tomcat-embed-el\10.1.24\tomcat-embed-el-10.1.24.jar;D:\maven\MavenRepositories\org\apache\tomcat\embed\tomcat-embed-websocket\10.1.24\tomcat-embed-websocket-10.1.24.jar;D:\maven\MavenRepositories\org\springframework\spring-web\6.0.21\spring-web-6.0.21.jar;D:\maven\MavenRepositories\org\springframework\spring-beans\6.0.21\spring-beans-6.0.21.jar;D:\maven\MavenRepositories\io\micrometer\micrometer-observation\1.11.12\micrometer-observation-1.11.12.jar;D:\maven\MavenRepositories\io\micrometer\micrometer-commons\1.11.12\micrometer-commons-1.11.12.jar;D:\maven\MavenRepositories\org\springframework\spring-webmvc\6.0.21\spring-webmvc-6.0.21.jar;D:\maven\MavenRepositories\org\springframework\spring-aop\6.0.21\spring-aop-6.0.21.jar;D:\maven\MavenRepositories\org\springframework\spring-context\6.0.21\spring-context-6.0.21.jar;D:\maven\MavenRepositories\org\springframework\spring-expression\6.0.21\spring-expression-6.0.21.jar;D:\maven\MavenRepositories\org\mybatis\spring\boot\mybatis-spring-boot-starter\3.0.3\mybatis-spring-boot-starter-3.0.3.jar;D:\maven\MavenRepositories\org\springframework\boot\spring-boot-starter-jdbc\3.1.12\spring-boot-starter-jdbc-3.1.12.jar;D:\maven\MavenRepositories\com\zaxxer\HikariCP\5.0.1\HikariCP-5.0.1.jar;D:\maven\MavenRepositories\org\springframework\spring-jdbc\6.0.21\spring-jdbc-6.0.21.jar;D:\maven\MavenRepositories\org\mybatis\spring\boot\mybatis-spring-boot-autoconfigure\3.0.3\mybatis-spring-boot-autoconfigure-3.0.3.jar;D:\maven\MavenRepositories\org\mybatis\mybatis\3.5.14\mybatis-3.5.14.jar;D:\maven\MavenRepositories\org\mybatis\mybatis-spring\3.0.3\mybatis-spring-3.0.3.jar;D:\maven\MavenRepositories\org\projectlombok\lombok\1.18.32\lombok-1.18.32.jar;D:\maven\MavenRepositories\org\springframework\boot\spring-boot-starter-test\3.1.12\spring-boot-starter-test-3.1.12.jar;D:\maven\MavenRepositories\org\springframework\boot\spring-boot-test\3.1.12\spring-boot-test-3.1.12.jar;D:\maven\MavenRepositories\org\springframework\boot\spring-boot-test-autoconfigure\3.1.12\spring-boot-test-autoconfigure-3.1.12.jar;D:\maven\MavenRepositories\com\jayway\jsonpath\json-path\2.9.0\json-path-2.9.0.jar;D:\maven\MavenRepositories\jakarta\xml\bind\jakarta.xml.bind-api\4.0.2\jakarta.xml.bind-api-4.0.2.jar;D:\maven\MavenRepositories\jakarta\activation\jakarta.activation-api\2.1.3\jakarta.activation-api-2.1.3.jar;D:\maven\MavenRepositories\net\minidev\json-smart\2.4.11\json-smart-2.4.11.jar;D:\maven\MavenRepositories\net\minidev\accessors-smart\2.4.11\accessors-smart-2.4.11.jar;D:\maven\MavenRepositories\org\ow2\asm\asm\9.3\asm-9.3.jar;D:\maven\MavenRepositories\org\assertj\assertj-core\3.24.2\assertj-core-3.24.2.jar;D:\maven\MavenRepositories\net\bytebuddy\byte-buddy\1.14.16\byte-buddy-1.14.16.jar;D:\maven\MavenRepositories\org\hamcrest\hamcrest\2.2\hamcrest-2.2.jar;D:\maven\MavenRepositories\org\junit\jupiter\junit-jupiter\5.9.3\junit-jupiter-5.9.3.jar;D:\maven\MavenRepositories\org\junit\jupiter\junit-jupiter-api\5.9.3\junit-jupiter-api-5.9.3.jar;D:\maven\MavenRepositories\org\opentest4j\opentest4j\1.2.0\opentest4j-1.2.0.jar;D:\maven\MavenRepositories\org\junit\platform\junit-platform-commons\1.9.3\junit-platform-commons-1.9.3.jar;D:\maven\MavenRepositories\org\apiguardian\apiguardian-api\1.1.2\apiguardian-api-1.1.2.jar;D:\maven\MavenRepositories\org\junit\jupiter\junit-jupiter-params\5.9.3\junit-jupiter-params-5.9.3.jar;D:\maven\MavenRepositories\org\junit\jupiter\junit-jupiter-engine\5.9.3\junit-jupiter-engine-5.9.3.jar;D:\maven\MavenRepositories\org\junit\platform\junit-platform-engine\1.9.3\junit-platform-engine-1.9.3.jar;D:\maven\MavenRepositories\org\mockito\mockito-core\5.3.1\mockito-core-5.3.1.jar;D:\maven\MavenRepositories\net\bytebuddy\byte-buddy-agent\1.14.16\byte-buddy-agent-1.14.16.jar;D:\maven\MavenRepositories\org\objenesis\objenesis\3.3\objenesis-3.3.jar;D:\maven\MavenRepositories\org\mockito\mockito-junit-jupiter\5.3.1\mockito-junit-jupiter-5.3.1.jar;D:\maven\MavenRepositories\org\skyscreamer\jsonassert\1.5.1\jsonassert-1.5.1.jar;D:\maven\MavenRepositories\com\vaadin\external\google\android-json\0.0.20131108.vaadin1\android-json-0.0.20131108.vaadin1.jar;D:\maven\MavenRepositories\org\springframework\spring-core\6.0.21\spring-core-6.0.21.jar;D:\maven\MavenRepositories\org\springframework\spring-jcl\6.0.21\spring-jcl-6.0.21.jar;D:\maven\MavenRepositories\org\springframework\spring-test\6.0.21\spring-test-6.0.21.jar;D:\maven\MavenRepositories\org\xmlunit\xmlunit-core\2.9.1\xmlunit-core-2.9.1.jar;D:\maven\MavenRepositories\commons-io\commons-io\1.3.2\commons-io-1.3.2.jar;D:\maven\MavenRepositories\org\mybatis\spring\boot\mybatis-spring-boot-starter-test\3.0.3\mybatis-spring-boot-starter-test-3.0.3.jar;D:\maven\MavenRepositories\org\mybatis\spring\boot\mybatis-spring-boot-test-autoconfigure\3.0.3\mybatis-spring-boot-test-autoconfigure-3.0.3.jar;D:\maven\MavenRepositories\org\springframework\spring-tx\6.0.21\spring-tx-6.0.21.jar;D:\maven\MavenRepositories\com\alibaba\druid-spring-boot-starter\1.2.19\druid-spring-boot-starter-1.2.19.jar;D:\maven\MavenRepositories\com\alibaba\druid\1.2.19\druid-1.2.19.jar;D:\maven\MavenRepositories\org\slf4j\slf4j-api\2.0.13\slf4j-api-2.0.13.jar;D:\maven\MavenRepositories\org\springframework\boot\spring-boot-autoconfigure\3.1.12\spring-boot-autoconfigure-3.1.12.jar;D:\maven\MavenRepositories\com\mysql\mysql-connector-j\8.0.33\mysql-connector-j-8.0.33.jar;D:\maven\MavenRepositories\com\github\pagehelper\pagehelper-spring-boot-starter\1.4.7\pagehelper-spring-boot-starter-1.4.7.jar;D:\maven\MavenRepositories\com\github\pagehelper\pagehelper-spring-boot-autoconfigure\1.4.7\pagehelper-spring-boot-autoconfigure-1.4.7.jar;D:\maven\MavenRepositories\com\github\pagehelper\pagehelper\5.3.3\pagehelper-5.3.3.jar;D:\maven\MavenRepositories\com\github\jsqlparser\jsqlparser\4.5\jsqlparser-4.5.jar;D:\maven\MavenRepositories\com\aliyun\oss\aliyun-sdk-oss\3.15.1\aliyun-sdk-oss-3.15.1.jar;D:\maven\MavenRepositories\org\apache\httpcomponents\httpclient\4.4.1\httpclient-4.4.1.jar;D:\maven\MavenRepositories\org\apache\httpcomponents\httpcore\4.4.16\httpcore-4.4.16.jar;D:\maven\MavenRepositories\commons-logging\commons-logging\1.2\commons-logging-1.2.jar;D:\maven\MavenRepositories\commons-codec\commons-codec\1.15\commons-codec-1.15.jar;D:\maven\MavenRepositories\org\jdom\jdom2\2.0.6.1\jdom2-2.0.6.1.jar;D:\maven\MavenRepositories\org\codehaus\jettison\jettison\1.1\jettison-1.1.jar;D:\maven\MavenRepositories\stax\stax-api\1.0.1\stax-api-1.0.1.jar;D:\maven\MavenRepositories\com\aliyun\aliyun-java-sdk-core\4.5.10\aliyun-java-sdk-core-4.5.10.jar;D:\maven\MavenRepositories\com\google\code\gson\gson\2.10.1\gson-2.10.1.jar;D:\maven\MavenRepositories\org\jacoco\org.jacoco.agent\0.8.5\org.jacoco.agent-0.8.5-runtime.jar;D:\maven\MavenRepositories\org\ini4j\ini4j\0.5.4\ini4j-0.5.4.jar;D:\maven\MavenRepositories\io\opentracing\opentracing-api\0.33.0\opentracing-api-0.33.0.jar;D:\maven\MavenRepositories\io\opentracing\opentracing-util\0.33.0\opentracing-util-0.33.0.jar;D:\maven\MavenRepositories\io\opentracing\opentracing-noop\0.33.0\opentracing-noop-0.33.0.jar;D:\maven\MavenRepositories\com\aliyun\aliyun-java-sdk-ram\3.1.0\aliyun-java-sdk-ram-3.1.0.jar;D:\maven\MavenRepositories\com\aliyun\aliyun-java-sdk-kms\2.11.0\aliyun-java-sdk-kms-2.11.0.jar;D:\maven\MavenRepositories\javax\xml\bind\jaxb-api\2.3.1\jaxb-api-2.3.1.jar;D:\maven\MavenRepositories\javax\activation\javax.activation-api\1.2.0\javax.activation-api-1.2.0.jar;D:\maven\MavenRepositories\javax\activation\activation\1.1.1\activation-1.1.1.jar;D:\maven\MavenRepositories\org\glassfish\jaxb\jaxb-runtime\2.3.3\jaxb-runtime-2.3.3.jar;D:\maven\MavenRepositories\org\glassfish\jaxb\txw2\4.0.5\txw2-4.0.5.jar;D:\maven\MavenRepositories\com\sun\istack\istack-commons-runtime\4.1.2\istack-commons-runtime-4.1.2.jar;D:\maven\MavenRepositories\com\sun\activation\jakarta.activation\1.2.2\jakarta.activation-1.2.2.jar;"/>
    <property name="sun.cpu.endian" value="little"/>
    <property name="user.home" value="C:\Users\uSER"/>
    <property name="user.language" value="zh"/>
    <property name="java.specification.vendor" value="Oracle Corporation"/>
    <property name="java.version.date" value="2024-01-16"/>
    <property name="java.home" value="C:\Program Files\Java\jdk-17"/>
    <property name="file.separator" value="\"/>
    <property name="basedir" value="D:\agit\itheimaPratice\tlias-web-mannager"/>
    <property name="java.vm.compressedOopsMode" value="Zero based"/>
    <property name="line.separator" value="&#10;"/>
    <property name="java.vm.specification.vendor" value="Oracle Corporation"/>
    <property name="java.specification.name" value="Java Platform API Specification"/>
    <property name="surefire.real.class.path" value="C:\Users\uSER\AppData\Local\Temp\surefire2017012355739910497\surefirebooter-20240602225644356_3.jar"/>
    <property name="user.script" value=""/>
    <property name="sun.management.compiler" value="HotSpot 64-Bit Tiered Compilers"/>
    <property name="java.runtime.version" value="17.0.10+11-LTS-240"/>
    <property name="user.name" value="uSER"/>
    <property name="path.separator" value=";"/>
    <property name="os.version" value="10.0"/>
    <property name="java.runtime.name" value="Java(TM) SE Runtime Environment"/>
    <property name="file.encoding" value="GBK"/>
    <property name="java.vm.name" value="Java HotSpot(TM) 64-Bit Server VM"/>
    <property name="localRepository" value="D:\maven\MavenRepositories"/>
    <property name="java.vendor.url.bug" value="https://bugreport.java.com/bugreport/"/>
    <property name="java.io.tmpdir" value="C:\Users\uSER\AppData\Local\Temp\"/>
    <property name="idea.version" value="2023.2.3"/>
    <property name="java.version" value="17.0.10"/>
    <property name="user.dir" value="D:\agit\itheimaPratice\tlias-web-mannager"/>
    <property name="os.arch" value="amd64"/>
    <property name="java.vm.specification.name" value="Java Virtual Machine Specification"/>
    <property name="sun.os.patch.level" value=""/>
    <property name="native.encoding" value="GBK"/>
    <property name="java.library.path" value="C:\Program Files\Java\jdk-17\bin;C:\Windows\Sun\Java\bin;C:\Windows\system32;C:\Windows;C:\Program Files\Common Files\Oracle\Java\javapath;C:\Windows\system32;C:\Windows;C:\Windows\System32\Wbem;C:\Windows\System32\WindowsPowerShell\v1.0\;C:\Windows\System32\OpenSSH\;C:\Program Files\dotnet\;%MAVEN_HOME%\bin;D:\Program Files\Git\cmd;%JAVA_HOME%\bin;%MYSQL_HOME%\bin;C:\Users\uSER\AppData\Local\Microsoft\WindowsApps;;C:\Users\uSER\AppData\Local\Programs\Microsoft VS Code\bin;."/>
    <property name="java.vm.info" value="mixed mode, sharing"/>
    <property name="java.vendor" value="Oracle Corporation"/>
    <property name="java.vm.version" value="17.0.10+11-LTS-240"/>
    <property name="sun.io.unicode.encoding" value="UnicodeLittle"/>
    <property name="java.class.version" value="61.0"/>
  </properties>
  <testcase name="testLog" classname="com.itheima.LogTest" time="0.02">
    <system-out><![CDATA[22:56:44.861 [main] INFO com.itheima.LogTest -- 计算开始
22:56:44.864 [main] ERROR com.itheima.LogTest -- 计算结果为: 101
22:56:44.864 [main] INFO com.itheima.LogTest -- 结束计算...
]]></system-out>
  </testcase>
</testsuite>